
 /----------------------------------------------------------------------------\
 |                                                                            |
 |  yosys -- Yosys Open SYnthesis Suite                                       |
 |                                                                            |
 |  Copyright (C) 2012 - 2020  Claire Xenia Wolf <claire@yosyshq.com>         |
 |                                                                            |
 |  Permission to use, copy, modify, and/or distribute this software for any  |
 |  purpose with or without fee is hereby granted, provided that the above    |
 |  copyright notice and this permission notice appear in all copies.         |
 |                                                                            |
 |  THE SOFTWARE IS PROVIDED "AS IS" AND THE AUTHOR DISCLAIMS ALL WARRANTIES  |
 |  WITH REGARD TO THIS SOFTWARE INCLUDING ALL IMPLIED WARRANTIES OF          |
 |  MERCHANTABILITY AND FITNESS. IN NO EVENT SHALL THE AUTHOR BE LIABLE FOR   |
 |  ANY SPECIAL, DIRECT, INDIRECT, OR CONSEQUENTIAL DAMAGES OR ANY DAMAGES    |
 |  WHATSOEVER RESULTING FROM LOSS OF USE, DATA OR PROFITS, WHETHER IN AN     |
 |  ACTION OF CONTRACT, NEGLIGENCE OR OTHER TORTIOUS ACTION, ARISING OUT OF   |
 |  OR IN CONNECTION WITH THE USE OR PERFORMANCE OF THIS SOFTWARE.            |
 |                                                                            |
 \----------------------------------------------------------------------------/

 Yosys 0.33 (git sha1 2584903a060)


-- Executing script file `synth.ys' --

1. Executing Verilog-2005 frontend: cpu.v
Parsing Verilog input from `cpu.v' to AST representation.
Generating RTLIL representation for module `\cpu'.
Successfully finished Verilog frontend.

2. Executing Verilog-2005 frontend: controller.v
Parsing Verilog input from `controller.v' to AST representation.
Generating RTLIL representation for module `\controller'.
Successfully finished Verilog frontend.

3. Executing Verilog-2005 frontend: pc.v
Parsing Verilog input from `pc.v' to AST representation.
Generating RTLIL representation for module `\pc'.
Successfully finished Verilog frontend.

4. Executing Verilog-2005 frontend: ir.v
Parsing Verilog input from `ir.v' to AST representation.
Generating RTLIL representation for module `\ir'.
Successfully finished Verilog frontend.

5. Executing Verilog-2005 frontend: acc.v
Parsing Verilog input from `acc.v' to AST representation.
Generating RTLIL representation for module `\acc'.
Successfully finished Verilog frontend.

6. Executing Verilog-2005 frontend: alu.v
Parsing Verilog input from `alu.v' to AST representation.
Generating RTLIL representation for module `\alu'.
Successfully finished Verilog frontend.

7. Executing Verilog-2005 frontend: address_mux.v
Parsing Verilog input from `address_mux.v' to AST representation.
Generating RTLIL representation for module `\address_mux'.
Successfully finished Verilog frontend.

8. Executing Verilog-2005 frontend: memory.v
Parsing Verilog input from `memory.v' to AST representation.
Generating RTLIL representation for module `\memory'.
Warning: Replacing memory \memory with list of registers. See memory.v:19
Successfully finished Verilog frontend.

9. Executing HIERARCHY pass (managing design hierarchy).

9.1. Analyzing design hierarchy..
Top module:  \cpu
Used module:     \memory
Used module:     \address_mux
Used module:     \alu
Used module:     \acc
Used module:     \ir
Used module:     \pc
Used module:     \controller

9.2. Analyzing design hierarchy..
Top module:  \cpu
Used module:     \memory
Used module:     \address_mux
Used module:     \alu
Used module:     \acc
Used module:     \ir
Used module:     \pc
Used module:     \controller
Removed 0 unused modules.

10. Executing PROC pass (convert processes to netlists).

10.1. Executing PROC_CLEAN pass (remove empty switches from decision trees).
Cleaned up 0 empty switches.

10.2. Executing PROC_RMDEAD pass (remove dead branches from decision trees).
Removed 1 dead cases from process $proc$memory.v:16$68 in module memory.
Marked 5 switch rules as full_case in process $proc$memory.v:16$68 in module memory.
Marked 1 switch rules as full_case in process $proc$acc.v:9$51 in module acc.
Marked 1 switch rules as full_case in process $proc$ir.v:10$50 in module ir.
Marked 3 switch rules as full_case in process $proc$pc.v:13$45 in module pc.
Marked 5 switch rules as full_case in process $proc$controller.v:35$1 in module controller.
Removed a total of 1 dead cases.

10.3. Executing PROC_PRUNE pass (remove redundant assignments in processes).
Removed 10 redundant assignments.
Promoted 5 assignments to connections.

10.4. Executing PROC_INIT pass (extract init attributes).

10.5. Executing PROC_ARST pass (detect async resets in processes).
Found async reset \rst in `\memory.$proc$memory.v:16$68'.
Found async reset \rst in `\acc.$proc$acc.v:9$51'.
Found async reset \rst in `\ir.$proc$ir.v:10$50'.
Found async reset \rst in `\pc.$proc$pc.v:13$45'.
Found async reset \rst in `\controller.$proc$controller.v:35$1'.

10.6. Executing PROC_ROM pass (convert switches to ROMs).
Converted 0 switches.
<suppressed ~13 debug messages>

10.7. Executing PROC_MUX pass (convert decision trees to multiplexers).
Creating decoders for process `\memory.$proc$memory.v:16$68'.
     1/45: $4$mem2reg_rd$\memory$memory.v:45$67_DATA[7:0]$84
     2/45: $3$mem2reg_rd$\memory$memory.v:45$67_DATA[7:0]$83
     3/45: $3$mem2reg_rd$\memory$memory.v:45$67_ADDR[4:0]$82
     4/45: $2$mem2reg_wr$\memory$memory.v:41$66_ADDR[4:0]$78
     5/45: $2$mem2reg_wr$\memory$memory.v:41$66_DATA[7:0]$79
     6/45: $2$mem2reg_rd$\memory$memory.v:45$67_DATA[7:0]$81
     7/45: $2$mem2reg_rd$\memory$memory.v:45$67_ADDR[4:0]$80
     8/45: $1$mem2reg_rd$\memory$memory.v:45$67_DATA[7:0]$76
     9/45: $1$mem2reg_rd$\memory$memory.v:45$67_ADDR[4:0]$75
    10/45: $1$mem2reg_wr$\memory$memory.v:41$66_DATA[7:0]$74
    11/45: $1$mem2reg_wr$\memory$memory.v:41$66_ADDR[4:0]$73
    12/45: $1\i[31:0]
    13/45: $0\memory[31][7:0]
    14/45: $0\memory[30][7:0]
    15/45: $0\memory[29][7:0]
    16/45: $0\memory[28][7:0]
    17/45: $0\memory[27][7:0]
    18/45: $0\memory[26][7:0]
    19/45: $0\memory[25][7:0]
    20/45: $0\memory[24][7:0]
    21/45: $0\memory[23][7:0]
    22/45: $0\memory[22][7:0]
    23/45: $0\memory[21][7:0]
    24/45: $0\memory[20][7:0]
    25/45: $0\memory[19][7:0]
    26/45: $0\memory[18][7:0]
    27/45: $0\memory[17][7:0]
    28/45: $0\memory[16][7:0]
    29/45: $0\memory[15][7:0]
    30/45: $0\memory[14][7:0]
    31/45: $0\memory[13][7:0]
    32/45: $0\memory[12][7:0]
    33/45: $0\memory[11][7:0]
    34/45: $0\memory[10][7:0]
    35/45: $0\memory[9][7:0]
    36/45: $0\memory[8][7:0]
    37/45: $0\memory[7][7:0]
    38/45: $0\memory[6][7:0]
    39/45: $0\memory[5][7:0]
    40/45: $0\memory[4][7:0]
    41/45: $0\memory[3][7:0]
    42/45: $0\memory[2][7:0]
    43/45: $0\memory[1][7:0]
    44/45: $0\memory[0][7:0]
    45/45: $0\mem_out[7:0]
Creating decoders for process `\acc.$proc$acc.v:9$51'.
     1/1: $0\acc_data[7:0]
Creating decoders for process `\ir.$proc$ir.v:10$50'.
     1/2: $0\address[4:0]
     2/2: $0\opcode[2:0]
Creating decoders for process `\pc.$proc$pc.v:13$45'.
     1/1: $0\pc[4:0]
Creating decoders for process `\controller.$proc$controller.v:35$1'.
     1/10: $0\state[2:0]
     2/10: $0\data_e[0:0]
     3/10: $0\wr[0:0]
     4/10: $0\ld_pc[0:0]
     5/10: $0\ld_ac[0:0]
     6/10: $0\inc_pc[0:0]
     7/10: $0\halt[0:0]
     8/10: $0\ld_ir[0:0]
     9/10: $0\rd[0:0]
    10/10: $0\sel[0:0]

10.8. Executing PROC_DLATCH pass (convert process syncs to latches).

10.9. Executing PROC_DFF pass (convert process syncs to FFs).
Creating register for signal `\memory.\mem_out' using process `\memory.$proc$memory.v:16$68'.
  created $adff cell `$procdff$891' with positive edge clock and positive level reset.
Creating register for signal `\memory.\i' using process `\memory.$proc$memory.v:16$68'.
  created $adff cell `$procdff$892' with positive edge clock and positive level reset.
Creating register for signal `\memory.\memory[0]' using process `\memory.$proc$memory.v:16$68'.
  created $adff cell `$procdff$893' with positive edge clock and positive level reset.
Creating register for signal `\memory.\memory[1]' using process `\memory.$proc$memory.v:16$68'.
  created $adff cell `$procdff$894' with positive edge clock and positive level reset.
Creating register for signal `\memory.\memory[2]' using process `\memory.$proc$memory.v:16$68'.
  created $adff cell `$procdff$895' with positive edge clock and positive level reset.
Creating register for signal `\memory.\memory[3]' using process `\memory.$proc$memory.v:16$68'.
  created $adff cell `$procdff$896' with positive edge clock and positive level reset.
Creating register for signal `\memory.\memory[4]' using process `\memory.$proc$memory.v:16$68'.
  created $adff cell `$procdff$897' with positive edge clock and positive level reset.
Creating register for signal `\memory.\memory[5]' using process `\memory.$proc$memory.v:16$68'.
  created $adff cell `$procdff$898' with positive edge clock and positive level reset.
Creating register for signal `\memory.\memory[6]' using process `\memory.$proc$memory.v:16$68'.
  created $adff cell `$procdff$899' with positive edge clock and positive level reset.
Creating register for signal `\memory.\memory[7]' using process `\memory.$proc$memory.v:16$68'.
  created $adff cell `$procdff$900' with positive edge clock and positive level reset.
Creating register for signal `\memory.\memory[8]' using process `\memory.$proc$memory.v:16$68'.
  created $adff cell `$procdff$901' with positive edge clock and positive level reset.
Creating register for signal `\memory.\memory[9]' using process `\memory.$proc$memory.v:16$68'.
  created $adff cell `$procdff$902' with positive edge clock and positive level reset.
Creating register for signal `\memory.\memory[10]' using process `\memory.$proc$memory.v:16$68'.
  created $adff cell `$procdff$903' with positive edge clock and positive level reset.
Creating register for signal `\memory.\memory[11]' using process `\memory.$proc$memory.v:16$68'.
  created $adff cell `$procdff$904' with positive edge clock and positive level reset.
Creating register for signal `\memory.\memory[12]' using process `\memory.$proc$memory.v:16$68'.
  created $adff cell `$procdff$905' with positive edge clock and positive level reset.
Creating register for signal `\memory.\memory[13]' using process `\memory.$proc$memory.v:16$68'.
  created $adff cell `$procdff$906' with positive edge clock and positive level reset.
Creating register for signal `\memory.\memory[14]' using process `\memory.$proc$memory.v:16$68'.
  created $adff cell `$procdff$907' with positive edge clock and positive level reset.
Creating register for signal `\memory.\memory[15]' using process `\memory.$proc$memory.v:16$68'.
  created $adff cell `$procdff$908' with positive edge clock and positive level reset.
Creating register for signal `\memory.\memory[16]' using process `\memory.$proc$memory.v:16$68'.
  created $adff cell `$procdff$909' with positive edge clock and positive level reset.
Creating register for signal `\memory.\memory[17]' using process `\memory.$proc$memory.v:16$68'.
  created $adff cell `$procdff$910' with positive edge clock and positive level reset.
Creating register for signal `\memory.\memory[18]' using process `\memory.$proc$memory.v:16$68'.
  created $adff cell `$procdff$911' with positive edge clock and positive level reset.
Creating register for signal `\memory.\memory[19]' using process `\memory.$proc$memory.v:16$68'.
  created $adff cell `$procdff$912' with positive edge clock and positive level reset.
Creating register for signal `\memory.\memory[20]' using process `\memory.$proc$memory.v:16$68'.
  created $adff cell `$procdff$913' with positive edge clock and positive level reset.
Creating register for signal `\memory.\memory[21]' using process `\memory.$proc$memory.v:16$68'.
  created $adff cell `$procdff$914' with positive edge clock and positive level reset.
Creating register for signal `\memory.\memory[22]' using process `\memory.$proc$memory.v:16$68'.
  created $adff cell `$procdff$915' with positive edge clock and positive level reset.
Creating register for signal `\memory.\memory[23]' using process `\memory.$proc$memory.v:16$68'.
  created $adff cell `$procdff$916' with positive edge clock and positive level reset.
Creating register for signal `\memory.\memory[24]' using process `\memory.$proc$memory.v:16$68'.
  created $adff cell `$procdff$917' with positive edge clock and positive level reset.
Creating register for signal `\memory.\memory[25]' using process `\memory.$proc$memory.v:16$68'.
  created $adff cell `$procdff$918' with positive edge clock and positive level reset.
Creating register for signal `\memory.\memory[26]' using process `\memory.$proc$memory.v:16$68'.
  created $adff cell `$procdff$919' with positive edge clock and positive level reset.
Creating register for signal `\memory.\memory[27]' using process `\memory.$proc$memory.v:16$68'.
  created $adff cell `$procdff$920' with positive edge clock and positive level reset.
Creating register for signal `\memory.\memory[28]' using process `\memory.$proc$memory.v:16$68'.
  created $adff cell `$procdff$921' with positive edge clock and positive level reset.
Creating register for signal `\memory.\memory[29]' using process `\memory.$proc$memory.v:16$68'.
  created $adff cell `$procdff$922' with positive edge clock and positive level reset.
Creating register for signal `\memory.\memory[30]' using process `\memory.$proc$memory.v:16$68'.
  created $adff cell `$procdff$923' with positive edge clock and positive level reset.
Creating register for signal `\memory.\memory[31]' using process `\memory.$proc$memory.v:16$68'.
  created $adff cell `$procdff$924' with positive edge clock and positive level reset.
Creating register for signal `\memory.$mem2reg_wr$\memory$memory.v:41$66_ADDR' using process `\memory.$proc$memory.v:16$68'.
  created $adff cell `$procdff$925' with positive edge clock and positive level reset.
Creating register for signal `\memory.$mem2reg_wr$\memory$memory.v:41$66_DATA' using process `\memory.$proc$memory.v:16$68'.
  created $adff cell `$procdff$926' with positive edge clock and positive level reset.
Creating register for signal `\memory.$mem2reg_rd$\memory$memory.v:45$67_ADDR' using process `\memory.$proc$memory.v:16$68'.
  created $adff cell `$procdff$927' with positive edge clock and positive level reset.
Creating register for signal `\memory.$mem2reg_rd$\memory$memory.v:45$67_DATA' using process `\memory.$proc$memory.v:16$68'.
  created $adff cell `$procdff$928' with positive edge clock and positive level reset.
Creating register for signal `\acc.\acc_data' using process `\acc.$proc$acc.v:9$51'.
  created $adff cell `$procdff$929' with positive edge clock and positive level reset.
Creating register for signal `\ir.\opcode' using process `\ir.$proc$ir.v:10$50'.
  created $adff cell `$procdff$930' with positive edge clock and positive level reset.
Creating register for signal `\ir.\address' using process `\ir.$proc$ir.v:10$50'.
  created $adff cell `$procdff$931' with positive edge clock and positive level reset.
Creating register for signal `\pc.\pc' using process `\pc.$proc$pc.v:13$45'.
  created $adff cell `$procdff$932' with positive edge clock and positive level reset.
Creating register for signal `\controller.\sel' using process `\controller.$proc$controller.v:35$1'.
  created $adff cell `$procdff$933' with positive edge clock and positive level reset.
Creating register for signal `\controller.\rd' using process `\controller.$proc$controller.v:35$1'.
  created $adff cell `$procdff$934' with positive edge clock and positive level reset.
Creating register for signal `\controller.\ld_ir' using process `\controller.$proc$controller.v:35$1'.
  created $adff cell `$procdff$935' with positive edge clock and positive level reset.
Creating register for signal `\controller.\inc_pc' using process `\controller.$proc$controller.v:35$1'.
  created $adff cell `$procdff$936' with positive edge clock and positive level reset.
Creating register for signal `\controller.\ld_ac' using process `\controller.$proc$controller.v:35$1'.
  created $adff cell `$procdff$937' with positive edge clock and positive level reset.
Creating register for signal `\controller.\ld_pc' using process `\controller.$proc$controller.v:35$1'.
  created $adff cell `$procdff$938' with positive edge clock and positive level reset.
Creating register for signal `\controller.\wr' using process `\controller.$proc$controller.v:35$1'.
  created $adff cell `$procdff$939' with positive edge clock and positive level reset.
Creating register for signal `\controller.\data_e' using process `\controller.$proc$controller.v:35$1'.
  created $adff cell `$procdff$940' with positive edge clock and positive level reset.
Creating register for signal `\controller.\halt' using process `\controller.$proc$controller.v:35$1'.
  created $adff cell `$procdff$941' with positive edge clock and positive level reset.
Creating register for signal `\controller.\state' using process `\controller.$proc$controller.v:35$1'.
  created $adff cell `$procdff$942' with positive edge clock and positive level reset.

10.10. Executing PROC_MEMWR pass (convert process memory writes to cells).

10.11. Executing PROC_CLEAN pass (remove empty switches from decision trees).
Found and cleaned up 4 empty switches in `\memory.$proc$memory.v:16$68'.
Removing empty process `memory.$proc$memory.v:16$68'.
Found and cleaned up 1 empty switch in `\acc.$proc$acc.v:9$51'.
Removing empty process `acc.$proc$acc.v:9$51'.
Found and cleaned up 1 empty switch in `\ir.$proc$ir.v:10$50'.
Removing empty process `ir.$proc$ir.v:10$50'.
Found and cleaned up 3 empty switches in `\pc.$proc$pc.v:13$45'.
Removing empty process `pc.$proc$pc.v:13$45'.
Found and cleaned up 4 empty switches in `\controller.$proc$controller.v:35$1'.
Removing empty process `controller.$proc$controller.v:35$1'.
Cleaned up 13 empty switches.

10.12. Executing OPT_EXPR pass (perform const folding).
Optimizing module memory.
<suppressed ~2 debug messages>
Optimizing module address_mux.
Optimizing module alu.
<suppressed ~1 debug messages>
Optimizing module acc.
Optimizing module ir.
Optimizing module pc.
Optimizing module controller.
<suppressed ~5 debug messages>
Optimizing module cpu.

11. Executing OPT pass (performing simple optimizations).

11.1. Executing OPT_EXPR pass (perform const folding).
Optimizing module memory.
<suppressed ~5 debug messages>
Optimizing module address_mux.
Optimizing module alu.
Optimizing module acc.
Optimizing module ir.
Optimizing module pc.
<suppressed ~1 debug messages>
Optimizing module controller.
<suppressed ~15 debug messages>
Optimizing module cpu.

11.2. Executing OPT_MERGE pass (detect identical cells).
Finding identical cells in module `\memory'.
<suppressed ~102 debug messages>
Finding identical cells in module `\address_mux'.
Finding identical cells in module `\alu'.
Finding identical cells in module `\acc'.
Finding identical cells in module `\ir'.
Finding identical cells in module `\pc'.
Finding identical cells in module `\controller'.
<suppressed ~105 debug messages>
Finding identical cells in module `\cpu'.
Removed a total of 69 cells.

11.3. Executing OPT_MUXTREE pass (detect dead branches in mux trees).
Running muxtree optimizer on module \memory..
  Creating internal representation of mux trees.
  Evaluating internal representation of mux trees.
  Analyzing evaluation results.
    dead port 1/2 on $mux $procmux$146.
    dead port 2/2 on $mux $procmux$146.
    dead port 1/2 on $mux $procmux$143.
    dead port 2/2 on $mux $procmux$143.
    dead port 1/2 on $mux $procmux$140.
    dead port 2/2 on $mux $procmux$140.
    dead port 1/2 on $mux $procmux$137.
    dead port 2/2 on $mux $procmux$137.
    dead port 1/2 on $mux $procmux$131.
    dead port 2/2 on $mux $procmux$131.
    dead port 1/2 on $mux $procmux$125.
    dead port 2/2 on $mux $procmux$125.
Running muxtree optimizer on module \address_mux..
  Creating internal representation of mux trees.
  Evaluating internal representation of mux trees.
  Analyzing evaluation results.
Running muxtree optimizer on module \alu..
  Creating internal representation of mux trees.
  Evaluating internal representation of mux trees.
  Analyzing evaluation results.
Running muxtree optimizer on module \acc..
  Creating internal representation of mux trees.
  Evaluating internal representation of mux trees.
  Analyzing evaluation results.
Running muxtree optimizer on module \ir..
  Creating internal representation of mux trees.
  Evaluating internal representation of mux trees.
  Analyzing evaluation results.
Running muxtree optimizer on module \pc..
  Creating internal representation of mux trees.
  Evaluating internal representation of mux trees.
  Analyzing evaluation results.
Running muxtree optimizer on module \controller..
  Creating internal representation of mux trees.
  Evaluating internal representation of mux trees.
  Analyzing evaluation results.
Running muxtree optimizer on module \cpu..
  Creating internal representation of mux trees.
  No muxes found in this module.
Removed 12 multiplexer ports.
<suppressed ~45 debug messages>

11.4. Executing OPT_REDUCE pass (consolidate $*mux and $reduce_* inputs).
  Optimizing cells in module \memory.
  Optimizing cells in module \address_mux.
  Optimizing cells in module \alu.
  Optimizing cells in module \acc.
  Optimizing cells in module \ir.
  Optimizing cells in module \pc.
  Optimizing cells in module \controller.
    New ctrl vector for $pmux cell $procmux$887: $auto$opt_reduce.cc:134:opt_pmux$944
    New ctrl vector for $pmux cell $procmux$850: $auto$opt_reduce.cc:134:opt_pmux$946
    New ctrl vector for $pmux cell $procmux$877: { $auto$opt_reduce.cc:134:opt_pmux$950 $auto$opt_reduce.cc:134:opt_pmux$948 }
    New ctrl vector for $pmux cell $procmux$843: $auto$opt_reduce.cc:134:opt_pmux$952
    Consolidated identical input bits for $mux cell $procmux$830:
      Old ports: A=3'100, B=3'000, Y=$procmux$830_Y
      New ports: A=1'1, B=1'0, Y=$procmux$830_Y [2]
      New connections: $procmux$830_Y [1:0] = 2'00
  Optimizing cells in module \controller.
    Consolidated identical input bits for $mux cell $procmux$833:
      Old ports: A=$procmux$830_Y, B=3'110, Y=$procmux$833_Y
      New ports: A={ $procmux$830_Y [2] 1'0 }, B=2'11, Y=$procmux$833_Y [2:1]
      New connections: $procmux$833_Y [0] = 1'0
  Optimizing cells in module \controller.
  Optimizing cells in module \cpu.
Performed a total of 6 changes.

11.5. Executing OPT_MERGE pass (detect identical cells).
Finding identical cells in module `\memory'.
Finding identical cells in module `\address_mux'.
Finding identical cells in module `\alu'.
Finding identical cells in module `\acc'.
Finding identical cells in module `\ir'.
Finding identical cells in module `\pc'.
Finding identical cells in module `\controller'.
<suppressed ~3 debug messages>
Finding identical cells in module `\cpu'.
Removed a total of 1 cells.

11.6. Executing OPT_SHARE pass.

11.7. Executing OPT_DFF pass (perform DFF optimizations).
Adding EN signal on $procdff$891 ($adff) from module memory (D = $procmux$808_Y, Q = \mem_out).
Handling D = Q on $procdff$892 ($adff) from module memory (removing D path).
Adding EN signal on $procdff$893 ($adff) from module memory (D = \acc_data, Q = \memory[0]).
Adding EN signal on $procdff$894 ($adff) from module memory (D = \acc_data, Q = \memory[1]).
Adding EN signal on $procdff$895 ($adff) from module memory (D = \acc_data, Q = \memory[2]).
Adding EN signal on $procdff$896 ($adff) from module memory (D = \acc_data, Q = \memory[3]).
Adding EN signal on $procdff$897 ($adff) from module memory (D = \acc_data, Q = \memory[4]).
Adding EN signal on $procdff$898 ($adff) from module memory (D = \acc_data, Q = \memory[5]).
Adding EN signal on $procdff$899 ($adff) from module memory (D = \acc_data, Q = \memory[6]).
Adding EN signal on $procdff$900 ($adff) from module memory (D = \acc_data, Q = \memory[7]).
Adding EN signal on $procdff$901 ($adff) from module memory (D = \acc_data, Q = \memory[8]).
Adding EN signal on $procdff$902 ($adff) from module memory (D = \acc_data, Q = \memory[9]).
Adding EN signal on $procdff$903 ($adff) from module memory (D = \acc_data, Q = \memory[10]).
Adding EN signal on $procdff$904 ($adff) from module memory (D = \acc_data, Q = \memory[11]).
Adding EN signal on $procdff$905 ($adff) from module memory (D = \acc_data, Q = \memory[12]).
Adding EN signal on $procdff$906 ($adff) from module memory (D = \acc_data, Q = \memory[13]).
Adding EN signal on $procdff$907 ($adff) from module memory (D = \acc_data, Q = \memory[14]).
Adding EN signal on $procdff$908 ($adff) from module memory (D = \acc_data, Q = \memory[15]).
Adding EN signal on $procdff$909 ($adff) from module memory (D = \acc_data, Q = \memory[16]).
Adding EN signal on $procdff$910 ($adff) from module memory (D = \acc_data, Q = \memory[17]).
Adding EN signal on $procdff$911 ($adff) from module memory (D = \acc_data, Q = \memory[18]).
Adding EN signal on $procdff$912 ($adff) from module memory (D = \acc_data, Q = \memory[19]).
Adding EN signal on $procdff$913 ($adff) from module memory (D = \acc_data, Q = \memory[20]).
Adding EN signal on $procdff$914 ($adff) from module memory (D = \acc_data, Q = \memory[21]).
Adding EN signal on $procdff$915 ($adff) from module memory (D = \acc_data, Q = \memory[22]).
Adding EN signal on $procdff$916 ($adff) from module memory (D = \acc_data, Q = \memory[23]).
Adding EN signal on $procdff$917 ($adff) from module memory (D = \acc_data, Q = \memory[24]).
Adding EN signal on $procdff$918 ($adff) from module memory (D = \acc_data, Q = \memory[25]).
Adding EN signal on $procdff$919 ($adff) from module memory (D = \acc_data, Q = \memory[26]).
Adding EN signal on $procdff$920 ($adff) from module memory (D = \acc_data, Q = \memory[27]).
Adding EN signal on $procdff$921 ($adff) from module memory (D = \acc_data, Q = \memory[28]).
Adding EN signal on $procdff$922 ($adff) from module memory (D = \acc_data, Q = \memory[29]).
Adding EN signal on $procdff$923 ($adff) from module memory (D = \acc_data, Q = \memory[30]).
Adding EN signal on $procdff$924 ($adff) from module memory (D = \acc_data, Q = \memory[31]).
Setting constant 0-bit at position 0 on $procdff$892 ($dlatch) from module memory.
Setting constant 0-bit at position 1 on $procdff$892 ($dlatch) from module memory.
Setting constant 0-bit at position 2 on $procdff$892 ($dlatch) from module memory.
Setting constant 0-bit at position 3 on $procdff$892 ($dlatch) from module memory.
Setting constant 0-bit at position 4 on $procdff$892 ($dlatch) from module memory.
Setting constant 1-bit at position 5 on $procdff$892 ($dlatch) from module memory.
Setting constant 0-bit at position 6 on $procdff$892 ($dlatch) from module memory.
Setting constant 0-bit at position 7 on $procdff$892 ($dlatch) from module memory.
Setting constant 0-bit at position 8 on $procdff$892 ($dlatch) from module memory.
Setting constant 0-bit at position 9 on $procdff$892 ($dlatch) from module memory.
Setting constant 0-bit at position 10 on $procdff$892 ($dlatch) from module memory.
Setting constant 0-bit at position 11 on $procdff$892 ($dlatch) from module memory.
Setting constant 0-bit at position 12 on $procdff$892 ($dlatch) from module memory.
Setting constant 0-bit at position 13 on $procdff$892 ($dlatch) from module memory.
Setting constant 0-bit at position 14 on $procdff$892 ($dlatch) from module memory.
Setting constant 0-bit at position 15 on $procdff$892 ($dlatch) from module memory.
Setting constant 0-bit at position 16 on $procdff$892 ($dlatch) from module memory.
Setting constant 0-bit at position 17 on $procdff$892 ($dlatch) from module memory.
Setting constant 0-bit at position 18 on $procdff$892 ($dlatch) from module memory.
Setting constant 0-bit at position 19 on $procdff$892 ($dlatch) from module memory.
Setting constant 0-bit at position 20 on $procdff$892 ($dlatch) from module memory.
Setting constant 0-bit at position 21 on $procdff$892 ($dlatch) from module memory.
Setting constant 0-bit at position 22 on $procdff$892 ($dlatch) from module memory.
Setting constant 0-bit at position 23 on $procdff$892 ($dlatch) from module memory.
Setting constant 0-bit at position 24 on $procdff$892 ($dlatch) from module memory.
Setting constant 0-bit at position 25 on $procdff$892 ($dlatch) from module memory.
Setting constant 0-bit at position 26 on $procdff$892 ($dlatch) from module memory.
Setting constant 0-bit at position 27 on $procdff$892 ($dlatch) from module memory.
Setting constant 0-bit at position 28 on $procdff$892 ($dlatch) from module memory.
Setting constant 0-bit at position 29 on $procdff$892 ($dlatch) from module memory.
Setting constant 0-bit at position 30 on $procdff$892 ($dlatch) from module memory.
Setting constant 0-bit at position 31 on $procdff$892 ($dlatch) from module memory.
Setting constant 1-bit at position 0 on $procdff$925 ($adff) from module memory.
Setting constant 1-bit at position 1 on $procdff$925 ($adff) from module memory.
Setting constant 1-bit at position 2 on $procdff$925 ($adff) from module memory.
Setting constant 1-bit at position 3 on $procdff$925 ($adff) from module memory.
Setting constant 1-bit at position 4 on $procdff$925 ($adff) from module memory.
Setting constant 1-bit at position 0 on $procdff$926 ($adff) from module memory.
Setting constant 1-bit at position 1 on $procdff$926 ($adff) from module memory.
Setting constant 1-bit at position 2 on $procdff$926 ($adff) from module memory.
Setting constant 1-bit at position 3 on $procdff$926 ($adff) from module memory.
Setting constant 1-bit at position 4 on $procdff$926 ($adff) from module memory.
Setting constant 1-bit at position 5 on $procdff$926 ($adff) from module memory.
Setting constant 1-bit at position 6 on $procdff$926 ($adff) from module memory.
Setting constant 1-bit at position 7 on $procdff$926 ($adff) from module memory.
Adding EN signal on $procdff$929 ($adff) from module acc (D = \result, Q = \acc_data).
Adding EN signal on $procdff$930 ($adff) from module ir (D = \mem_out [7:5], Q = \opcode).
Adding EN signal on $procdff$931 ($adff) from module ir (D = \mem_out [4:0], Q = \address).
Adding EN signal on $procdff$932 ($adff) from module pc (D = $procmux$822_Y [4:1], Q = \pc [4:1]).
Adding EN signal on $procdff$932 ($adff) from module pc (D = $procmux$822_Y [0], Q = \pc [0]).

11.8. Executing OPT_CLEAN pass (remove unused cells and wires).
Finding unused cells or wires in module \memory..
Finding unused cells or wires in module \address_mux..
Finding unused cells or wires in module \alu..
Finding unused cells or wires in module \acc..
Finding unused cells or wires in module \ir..
Finding unused cells or wires in module \pc..
Finding unused cells or wires in module \controller..
Finding unused cells or wires in module \cpu..
Removed 67 unused cells and 280 unused wires.
<suppressed ~74 debug messages>

11.9. Executing OPT_EXPR pass (perform const folding).
Optimizing module acc.
Optimizing module address_mux.
Optimizing module alu.
Optimizing module controller.
<suppressed ~4 debug messages>
Optimizing module cpu.
Optimizing module ir.
Optimizing module memory.
<suppressed ~2 debug messages>
Optimizing module pc.
<suppressed ~3 debug messages>

11.10. Rerunning OPT passes. (Maybe there is more to do..)

11.11. Executing OPT_MUXTREE pass (detect dead branches in mux trees).
Running muxtree optimizer on module \acc..
  Creating internal representation of mux trees.
  No muxes found in this module.
Running muxtree optimizer on module \address_mux..
  Creating internal representation of mux trees.
  Evaluating internal representation of mux trees.
  Analyzing evaluation results.
Running muxtree optimizer on module \alu..
  Creating internal representation of mux trees.
  Evaluating internal representation of mux trees.
  Analyzing evaluation results.
Running muxtree optimizer on module \controller..
  Creating internal representation of mux trees.
  Evaluating internal representation of mux trees.
  Analyzing evaluation results.
Running muxtree optimizer on module \cpu..
  Creating internal representation of mux trees.
  No muxes found in this module.
Running muxtree optimizer on module \ir..
  Creating internal representation of mux trees.
  No muxes found in this module.
Running muxtree optimizer on module \memory..
  Creating internal representation of mux trees.
  Evaluating internal representation of mux trees.
  Analyzing evaluation results.
Running muxtree optimizer on module \pc..
  Creating internal representation of mux trees.
  Evaluating internal representation of mux trees.
  Analyzing evaluation results.
Removed 0 multiplexer ports.
<suppressed ~6 debug messages>

11.12. Executing OPT_REDUCE pass (consolidate $*mux and $reduce_* inputs).
  Optimizing cells in module \acc.
  Optimizing cells in module \address_mux.
  Optimizing cells in module \alu.
  Optimizing cells in module \controller.
  Optimizing cells in module \cpu.
  Optimizing cells in module \ir.
  Optimizing cells in module \memory.
  Optimizing cells in module \pc.
Performed a total of 0 changes.

11.13. Executing OPT_MERGE pass (detect identical cells).
Finding identical cells in module `\acc'.
Finding identical cells in module `\address_mux'.
Finding identical cells in module `\alu'.
Finding identical cells in module `\controller'.
Finding identical cells in module `\cpu'.
Finding identical cells in module `\ir'.
Finding identical cells in module `\memory'.
Finding identical cells in module `\pc'.
<suppressed ~3 debug messages>
Removed a total of 1 cells.

11.14. Executing OPT_SHARE pass.

11.15. Executing OPT_DFF pass (perform DFF optimizations).

11.16. Executing OPT_CLEAN pass (remove unused cells and wires).
Finding unused cells or wires in module \acc..
Finding unused cells or wires in module \address_mux..
Finding unused cells or wires in module \alu..
Finding unused cells or wires in module \controller..
Finding unused cells or wires in module \cpu..
Finding unused cells or wires in module \ir..
Finding unused cells or wires in module \memory..
Finding unused cells or wires in module \pc..
Removed 0 unused cells and 4 unused wires.
<suppressed ~3 debug messages>

11.17. Executing OPT_EXPR pass (perform const folding).
Optimizing module acc.
Optimizing module address_mux.
Optimizing module alu.
Optimizing module controller.
Optimizing module cpu.
Optimizing module ir.
Optimizing module memory.
Optimizing module pc.

11.18. Rerunning OPT passes. (Maybe there is more to do..)

11.19. Executing OPT_MUXTREE pass (detect dead branches in mux trees).
Running muxtree optimizer on module \acc..
  Creating internal representation of mux trees.
  No muxes found in this module.
Running muxtree optimizer on module \address_mux..
  Creating internal representation of mux trees.
  Evaluating internal representation of mux trees.
  Analyzing evaluation results.
Running muxtree optimizer on module \alu..
  Creating internal representation of mux trees.
  Evaluating internal representation of mux trees.
  Analyzing evaluation results.
Running muxtree optimizer on module \controller..
  Creating internal representation of mux trees.
  Evaluating internal representation of mux trees.
  Analyzing evaluation results.
Running muxtree optimizer on module \cpu..
  Creating internal representation of mux trees.
  No muxes found in this module.
Running muxtree optimizer on module \ir..
  Creating internal representation of mux trees.
  No muxes found in this module.
Running muxtree optimizer on module \memory..
  Creating internal representation of mux trees.
  Evaluating internal representation of mux trees.
  Analyzing evaluation results.
Running muxtree optimizer on module \pc..
  Creating internal representation of mux trees.
  Evaluating internal representation of mux trees.
  Analyzing evaluation results.
Removed 0 multiplexer ports.
<suppressed ~6 debug messages>

11.20. Executing OPT_REDUCE pass (consolidate $*mux and $reduce_* inputs).
  Optimizing cells in module \acc.
  Optimizing cells in module \address_mux.
  Optimizing cells in module \alu.
  Optimizing cells in module \controller.
  Optimizing cells in module \cpu.
  Optimizing cells in module \ir.
  Optimizing cells in module \memory.
  Optimizing cells in module \pc.
Performed a total of 0 changes.

11.21. Executing OPT_MERGE pass (detect identical cells).
Finding identical cells in module `\acc'.
Finding identical cells in module `\address_mux'.
Finding identical cells in module `\alu'.
Finding identical cells in module `\controller'.
Finding identical cells in module `\cpu'.
Finding identical cells in module `\ir'.
Finding identical cells in module `\memory'.
Finding identical cells in module `\pc'.
Removed a total of 0 cells.

11.22. Executing OPT_SHARE pass.

11.23. Executing OPT_DFF pass (perform DFF optimizations).

11.24. Executing OPT_CLEAN pass (remove unused cells and wires).
Finding unused cells or wires in module \acc..
Finding unused cells or wires in module \address_mux..
Finding unused cells or wires in module \alu..
Finding unused cells or wires in module \controller..
Finding unused cells or wires in module \cpu..
Finding unused cells or wires in module \ir..
Finding unused cells or wires in module \memory..
Finding unused cells or wires in module \pc..

11.25. Executing OPT_EXPR pass (perform const folding).
Optimizing module acc.
Optimizing module address_mux.
Optimizing module alu.
Optimizing module controller.
Optimizing module cpu.
Optimizing module ir.
Optimizing module memory.
Optimizing module pc.

11.26. Finished OPT passes. (There is nothing left to do.)

12. Executing MEMORY pass.

12.1. Executing OPT_MEM pass (optimize memories).
Performed a total of 0 transformations.

12.2. Executing OPT_MEM_PRIORITY pass (removing unnecessary memory write priority relations).
Performed a total of 0 transformations.

12.3. Executing OPT_MEM_FEEDBACK pass (finding memory read-to-write feedback paths).

12.4. Executing MEMORY_BMUX2ROM pass (converting muxes to ROMs).

12.5. Executing MEMORY_DFF pass (merging $dff cells to $memrd).

12.6. Executing OPT_CLEAN pass (remove unused cells and wires).
Finding unused cells or wires in module \acc..
Finding unused cells or wires in module \address_mux..
Finding unused cells or wires in module \alu..
Finding unused cells or wires in module \controller..
Finding unused cells or wires in module \cpu..
Finding unused cells or wires in module \ir..
Finding unused cells or wires in module \memory..
Finding unused cells or wires in module \pc..

12.7. Executing MEMORY_SHARE pass (consolidating $memrd/$memwr cells).

12.8. Executing OPT_MEM_WIDEN pass (optimize memories where all ports are wide).
Performed a total of 0 transformations.

12.9. Executing OPT_CLEAN pass (remove unused cells and wires).
Finding unused cells or wires in module \acc..
Finding unused cells or wires in module \address_mux..
Finding unused cells or wires in module \alu..
Finding unused cells or wires in module \controller..
Finding unused cells or wires in module \cpu..
Finding unused cells or wires in module \ir..
Finding unused cells or wires in module \memory..
Finding unused cells or wires in module \pc..

12.10. Executing MEMORY_COLLECT pass (generating $mem cells).

12.11. Executing MEMORY_MAP pass (converting memories to logic and flip-flops).

13. Executing OPT pass (performing simple optimizations).

13.1. Executing OPT_EXPR pass (perform const folding).
Optimizing module acc.
Optimizing module address_mux.
Optimizing module alu.
Optimizing module controller.
Optimizing module cpu.
Optimizing module ir.
Optimizing module memory.
Optimizing module pc.

13.2. Executing OPT_MERGE pass (detect identical cells).
Finding identical cells in module `\acc'.
Finding identical cells in module `\address_mux'.
Finding identical cells in module `\alu'.
Finding identical cells in module `\controller'.
Finding identical cells in module `\cpu'.
Finding identical cells in module `\ir'.
Finding identical cells in module `\memory'.
Finding identical cells in module `\pc'.
Removed a total of 0 cells.

13.3. Executing OPT_MUXTREE pass (detect dead branches in mux trees).
Running muxtree optimizer on module \acc..
  Creating internal representation of mux trees.
  No muxes found in this module.
Running muxtree optimizer on module \address_mux..
  Creating internal representation of mux trees.
  Evaluating internal representation of mux trees.
  Analyzing evaluation results.
Running muxtree optimizer on module \alu..
  Creating internal representation of mux trees.
  Evaluating internal representation of mux trees.
  Analyzing evaluation results.
Running muxtree optimizer on module \controller..
  Creating internal representation of mux trees.
  Evaluating internal representation of mux trees.
  Analyzing evaluation results.
Running muxtree optimizer on module \cpu..
  Creating internal representation of mux trees.
  No muxes found in this module.
Running muxtree optimizer on module \ir..
  Creating internal representation of mux trees.
  No muxes found in this module.
Running muxtree optimizer on module \memory..
  Creating internal representation of mux trees.
  Evaluating internal representation of mux trees.
  Analyzing evaluation results.
Running muxtree optimizer on module \pc..
  Creating internal representation of mux trees.
  Evaluating internal representation of mux trees.
  Analyzing evaluation results.
Removed 0 multiplexer ports.
<suppressed ~6 debug messages>

13.4. Executing OPT_REDUCE pass (consolidate $*mux and $reduce_* inputs).
  Optimizing cells in module \acc.
  Optimizing cells in module \address_mux.
  Optimizing cells in module \alu.
  Optimizing cells in module \controller.
  Optimizing cells in module \cpu.
  Optimizing cells in module \ir.
  Optimizing cells in module \memory.
  Optimizing cells in module \pc.
Performed a total of 0 changes.

13.5. Executing OPT_MERGE pass (detect identical cells).
Finding identical cells in module `\acc'.
Finding identical cells in module `\address_mux'.
Finding identical cells in module `\alu'.
Finding identical cells in module `\controller'.
Finding identical cells in module `\cpu'.
Finding identical cells in module `\ir'.
Finding identical cells in module `\memory'.
Finding identical cells in module `\pc'.
Removed a total of 0 cells.

13.6. Executing OPT_SHARE pass.

13.7. Executing OPT_DFF pass (perform DFF optimizations).

13.8. Executing OPT_CLEAN pass (remove unused cells and wires).
Finding unused cells or wires in module \acc..
Finding unused cells or wires in module \address_mux..
Finding unused cells or wires in module \alu..
Finding unused cells or wires in module \controller..
Finding unused cells or wires in module \cpu..
Finding unused cells or wires in module \ir..
Finding unused cells or wires in module \memory..
Finding unused cells or wires in module \pc..

13.9. Executing OPT_EXPR pass (perform const folding).
Optimizing module acc.
Optimizing module address_mux.
Optimizing module alu.
Optimizing module controller.
Optimizing module cpu.
Optimizing module ir.
Optimizing module memory.
Optimizing module pc.

13.10. Finished OPT passes. (There is nothing left to do.)

14. Executing SYNTH pass.

14.1. Executing HIERARCHY pass (managing design hierarchy).

14.1.1. Analyzing design hierarchy..
Top module:  \cpu
Used module:     \acc
Used module:     \address_mux
Used module:     \controller
Used module:     \ir
Used module:     \memory
Used module:     \pc
Used module:     \alu

14.1.2. Analyzing design hierarchy..
Top module:  \cpu
Used module:     \acc
Used module:     \address_mux
Used module:     \controller
Used module:     \ir
Used module:     \memory
Used module:     \pc
Used module:     \alu
Removed 0 unused modules.

14.2. Executing PROC pass (convert processes to netlists).

14.2.1. Executing PROC_CLEAN pass (remove empty switches from decision trees).
Cleaned up 0 empty switches.

14.2.2. Executing PROC_RMDEAD pass (remove dead branches from decision trees).
Removed a total of 0 dead cases.

14.2.3. Executing PROC_PRUNE pass (remove redundant assignments in processes).
Removed 0 redundant assignments.
Promoted 0 assignments to connections.

14.2.4. Executing PROC_INIT pass (extract init attributes).

14.2.5. Executing PROC_ARST pass (detect async resets in processes).

14.2.6. Executing PROC_ROM pass (convert switches to ROMs).
Converted 0 switches.

14.2.7. Executing PROC_MUX pass (convert decision trees to multiplexers).

14.2.8. Executing PROC_DLATCH pass (convert process syncs to latches).

14.2.9. Executing PROC_DFF pass (convert process syncs to FFs).

14.2.10. Executing PROC_MEMWR pass (convert process memory writes to cells).

14.2.11. Executing PROC_CLEAN pass (remove empty switches from decision trees).
Cleaned up 0 empty switches.

14.2.12. Executing OPT_EXPR pass (perform const folding).
Optimizing module acc.
Optimizing module address_mux.
Optimizing module alu.
Optimizing module controller.
Optimizing module cpu.
Optimizing module ir.
Optimizing module memory.
Optimizing module pc.

14.3. Executing FLATTEN pass (flatten design).
Deleting now unused module acc.
Deleting now unused module address_mux.
Deleting now unused module alu.
Deleting now unused module controller.
Deleting now unused module ir.
Deleting now unused module memory.
Deleting now unused module pc.
<suppressed ~7 debug messages>

14.4. Executing OPT_EXPR pass (perform const folding).
Optimizing module cpu.

14.5. Executing OPT_CLEAN pass (remove unused cells and wires).
Finding unused cells or wires in module \cpu..

14.6. Executing CHECK pass (checking for obvious problems).
Checking module cpu...
Found and reported 0 problems.

14.7. Executing OPT pass (performing simple optimizations).

14.7.1. Executing OPT_EXPR pass (perform const folding).
Optimizing module cpu.

14.7.2. Executing OPT_MERGE pass (detect identical cells).
Finding identical cells in module `\cpu'.
<suppressed ~15 debug messages>
Removed a total of 5 cells.

14.7.3. Executing OPT_MUXTREE pass (detect dead branches in mux trees).
Running muxtree optimizer on module \cpu..
  Creating internal representation of mux trees.
  Evaluating internal representation of mux trees.
  Analyzing evaluation results.
Removed 0 multiplexer ports.
<suppressed ~6 debug messages>

14.7.4. Executing OPT_REDUCE pass (consolidate $*mux and $reduce_* inputs).
  Optimizing cells in module \cpu.
Performed a total of 0 changes.

14.7.5. Executing OPT_MERGE pass (detect identical cells).
Finding identical cells in module `\cpu'.
Removed a total of 0 cells.

14.7.6. Executing OPT_DFF pass (perform DFF optimizations).

14.7.7. Executing OPT_CLEAN pass (remove unused cells and wires).
Finding unused cells or wires in module \cpu..
Removed 0 unused cells and 5 unused wires.
<suppressed ~1 debug messages>

14.7.8. Executing OPT_EXPR pass (perform const folding).
Optimizing module cpu.

14.7.9. Rerunning OPT passes. (Maybe there is more to do..)

14.7.10. Executing OPT_MUXTREE pass (detect dead branches in mux trees).
Running muxtree optimizer on module \cpu..
  Creating internal representation of mux trees.
  Evaluating internal representation of mux trees.
  Analyzing evaluation results.
Removed 0 multiplexer ports.
<suppressed ~6 debug messages>

14.7.11. Executing OPT_REDUCE pass (consolidate $*mux and $reduce_* inputs).
  Optimizing cells in module \cpu.
Performed a total of 0 changes.

14.7.12. Executing OPT_MERGE pass (detect identical cells).
Finding identical cells in module `\cpu'.
Removed a total of 0 cells.

14.7.13. Executing OPT_DFF pass (perform DFF optimizations).

14.7.14. Executing OPT_CLEAN pass (remove unused cells and wires).
Finding unused cells or wires in module \cpu..

14.7.15. Executing OPT_EXPR pass (perform const folding).
Optimizing module cpu.

14.7.16. Finished OPT passes. (There is nothing left to do.)

14.8. Executing FSM pass (extract and optimize FSM).

14.8.1. Executing FSM_DETECT pass (finding FSMs in design).

14.8.2. Executing FSM_EXTRACT pass (extracting FSM from design).

14.8.3. Executing FSM_OPT pass (simple optimizations of FSMs).

14.8.4. Executing OPT_CLEAN pass (remove unused cells and wires).
Finding unused cells or wires in module \cpu..

14.8.5. Executing FSM_OPT pass (simple optimizations of FSMs).

14.8.6. Executing FSM_RECODE pass (re-assigning FSM state encoding).

14.8.7. Executing FSM_INFO pass (dumping all available information on FSM cells).

14.8.8. Executing FSM_MAP pass (mapping FSMs to basic logic).

14.9. Executing OPT pass (performing simple optimizations).

14.9.1. Executing OPT_EXPR pass (perform const folding).
Optimizing module cpu.

14.9.2. Executing OPT_MERGE pass (detect identical cells).
Finding identical cells in module `\cpu'.
Removed a total of 0 cells.

14.9.3. Executing OPT_MUXTREE pass (detect dead branches in mux trees).
Running muxtree optimizer on module \cpu..
  Creating internal representation of mux trees.
  Evaluating internal representation of mux trees.
  Analyzing evaluation results.
Removed 0 multiplexer ports.
<suppressed ~6 debug messages>

14.9.4. Executing OPT_REDUCE pass (consolidate $*mux and $reduce_* inputs).
  Optimizing cells in module \cpu.
Performed a total of 0 changes.

14.9.5. Executing OPT_MERGE pass (detect identical cells).
Finding identical cells in module `\cpu'.
Removed a total of 0 cells.

14.9.6. Executing OPT_DFF pass (perform DFF optimizations).

14.9.7. Executing OPT_CLEAN pass (remove unused cells and wires).
Finding unused cells or wires in module \cpu..

14.9.8. Executing OPT_EXPR pass (perform const folding).
Optimizing module cpu.

14.9.9. Finished OPT passes. (There is nothing left to do.)

14.10. Executing WREDUCE pass (reducing word size of cells).
Removed top 31 bits (of 32) from port B of cell cpu.$flatten\program_counter.$add$pc.v:22$49 ($add).
Removed top 27 bits (of 32) from port Y of cell cpu.$flatten\program_counter.$add$pc.v:22$49 ($add).
Removed top 30 bits (of 31) from port B of cell cpu.$flatten\program_counter.$add$pc.v:20$48 ($add).
Removed top 27 bits (of 31) from port Y of cell cpu.$flatten\program_counter.$add$pc.v:20$48 ($add).
Removed top 1 bits (of 3) from port B of cell cpu.$flatten\ctrl.$procmux$867_CMP0 ($eq).
Removed top 4 bits (of 5) from port B of cell cpu.$flatten\mem.$procmux$765_CMP0 ($eq).
Removed top 3 bits (of 5) from port B of cell cpu.$flatten\mem.$procmux$730_CMP0 ($eq).
Removed top 3 bits (of 5) from port B of cell cpu.$flatten\mem.$procmux$696_CMP0 ($eq).
Removed top 2 bits (of 5) from port B of cell cpu.$flatten\mem.$procmux$663_CMP0 ($eq).
Removed top 2 bits (of 5) from port B of cell cpu.$flatten\mem.$procmux$631_CMP0 ($eq).
Removed top 2 bits (of 5) from port B of cell cpu.$flatten\mem.$procmux$600_CMP0 ($eq).
Removed top 2 bits (of 5) from port B of cell cpu.$flatten\mem.$procmux$570_CMP0 ($eq).
Removed top 1 bits (of 5) from port B of cell cpu.$flatten\mem.$procmux$541_CMP0 ($eq).
Removed top 1 bits (of 5) from port B of cell cpu.$flatten\mem.$procmux$513_CMP0 ($eq).
Removed top 1 bits (of 5) from port B of cell cpu.$flatten\mem.$procmux$486_CMP0 ($eq).
Removed top 1 bits (of 5) from port B of cell cpu.$flatten\mem.$procmux$460_CMP0 ($eq).
Removed top 1 bits (of 5) from port B of cell cpu.$flatten\mem.$procmux$435_CMP0 ($eq).
Removed top 1 bits (of 5) from port B of cell cpu.$flatten\mem.$procmux$411_CMP0 ($eq).
Removed top 1 bits (of 5) from port B of cell cpu.$flatten\mem.$procmux$388_CMP0 ($eq).
Removed top 1 bits (of 5) from port B of cell cpu.$flatten\mem.$procmux$366_CMP0 ($eq).
Removed top 1 bits (of 3) from port B of cell cpu.$flatten\ctrl.$eq$controller.v:141$32 ($eq).
Removed top 1 bits (of 3) from port B of cell cpu.$flatten\ctrl.$eq$controller.v:141$31 ($eq).
Removed top 2 bits (of 3) from port B of cell cpu.$flatten\ctrl.$eq$controller.v:103$8 ($eq).
Removed top 1 bits (of 3) from port B of cell cpu.$flatten\ctrl.$procmux$888_CMP0 ($eq).
Removed top 2 bits (of 3) from port B of cell cpu.$flatten\ctrl.$procmux$889_CMP0 ($eq).
Removed top 27 bits (of 32) from wire cpu.$flatten\program_counter.$add$pc.v:20$48_Y.
Removed top 27 bits (of 32) from wire cpu.$flatten\program_counter.$add$pc.v:22$49_Y.

14.11. Executing PEEPOPT pass (run peephole optimizers).

14.12. Executing OPT_CLEAN pass (remove unused cells and wires).
Finding unused cells or wires in module \cpu..
Removed 0 unused cells and 2 unused wires.
<suppressed ~1 debug messages>

14.13. Executing ALUMACC pass (create $alu and $macc cells).
Extracting $alu and $macc cells in module cpu:
  creating $macc model for $flatten\program_counter.$add$pc.v:20$48 ($add).
  creating $macc model for $flatten\program_counter.$add$pc.v:22$49 ($add).
  creating $macc model for $flatten\u_alu.$add$alu.v:9$53 ($add).
  creating $alu model for $macc $flatten\u_alu.$add$alu.v:9$53.
  creating $alu model for $macc $flatten\program_counter.$add$pc.v:22$49.
  creating $alu model for $macc $flatten\program_counter.$add$pc.v:20$48.
  creating $alu cell for $flatten\program_counter.$add$pc.v:20$48: $auto$alumacc.cc:485:replace_alu$1067
  creating $alu cell for $flatten\program_counter.$add$pc.v:22$49: $auto$alumacc.cc:485:replace_alu$1070
  creating $alu cell for $flatten\u_alu.$add$alu.v:9$53: $auto$alumacc.cc:485:replace_alu$1073
  created 3 $alu and 0 $macc cells.

14.14. Executing SHARE pass (SAT-based resource sharing).

14.15. Executing OPT pass (performing simple optimizations).

14.15.1. Executing OPT_EXPR pass (perform const folding).
Optimizing module cpu.

14.15.2. Executing OPT_MERGE pass (detect identical cells).
Finding identical cells in module `\cpu'.
Removed a total of 0 cells.

14.15.3. Executing OPT_MUXTREE pass (detect dead branches in mux trees).
Running muxtree optimizer on module \cpu..
  Creating internal representation of mux trees.
  Evaluating internal representation of mux trees.
  Analyzing evaluation results.
Removed 0 multiplexer ports.
<suppressed ~6 debug messages>

14.15.4. Executing OPT_REDUCE pass (consolidate $*mux and $reduce_* inputs).
  Optimizing cells in module \cpu.
Performed a total of 0 changes.

14.15.5. Executing OPT_MERGE pass (detect identical cells).
Finding identical cells in module `\cpu'.
Removed a total of 0 cells.

14.15.6. Executing OPT_DFF pass (perform DFF optimizations).

14.15.7. Executing OPT_CLEAN pass (remove unused cells and wires).
Finding unused cells or wires in module \cpu..

14.15.8. Executing OPT_EXPR pass (perform const folding).
Optimizing module cpu.

14.15.9. Finished OPT passes. (There is nothing left to do.)

14.16. Executing MEMORY pass.

14.16.1. Executing OPT_MEM pass (optimize memories).
Performed a total of 0 transformations.

14.16.2. Executing OPT_MEM_PRIORITY pass (removing unnecessary memory write priority relations).
Performed a total of 0 transformations.

14.16.3. Executing OPT_MEM_FEEDBACK pass (finding memory read-to-write feedback paths).

14.16.4. Executing MEMORY_BMUX2ROM pass (converting muxes to ROMs).

14.16.5. Executing MEMORY_DFF pass (merging $dff cells to $memrd).

14.16.6. Executing OPT_CLEAN pass (remove unused cells and wires).
Finding unused cells or wires in module \cpu..

14.16.7. Executing MEMORY_SHARE pass (consolidating $memrd/$memwr cells).

14.16.8. Executing OPT_MEM_WIDEN pass (optimize memories where all ports are wide).
Performed a total of 0 transformations.

14.16.9. Executing OPT_CLEAN pass (remove unused cells and wires).
Finding unused cells or wires in module \cpu..

14.16.10. Executing MEMORY_COLLECT pass (generating $mem cells).

14.17. Executing OPT_CLEAN pass (remove unused cells and wires).
Finding unused cells or wires in module \cpu..

15. Executing TECHMAP pass (map to technology primitives).

15.1. Executing Verilog-2005 frontend: /usr/bin/../share/yosys/techmap.v
Parsing Verilog input from `/usr/bin/../share/yosys/techmap.v' to AST representation.
Generating RTLIL representation for module `\_90_simplemap_bool_ops'.
Generating RTLIL representation for module `\_90_simplemap_reduce_ops'.
Generating RTLIL representation for module `\_90_simplemap_logic_ops'.
Generating RTLIL representation for module `\_90_simplemap_compare_ops'.
Generating RTLIL representation for module `\_90_simplemap_various'.
Generating RTLIL representation for module `\_90_simplemap_registers'.
Generating RTLIL representation for module `\_90_shift_ops_shr_shl_sshl_sshr'.
Generating RTLIL representation for module `\_90_shift_shiftx'.
Generating RTLIL representation for module `\_90_fa'.
Generating RTLIL representation for module `\_90_lcu'.
Generating RTLIL representation for module `\_90_alu'.
Generating RTLIL representation for module `\_90_macc'.
Generating RTLIL representation for module `\_90_alumacc'.
Generating RTLIL representation for module `\$__div_mod_u'.
Generating RTLIL representation for module `\$__div_mod_trunc'.
Generating RTLIL representation for module `\_90_div'.
Generating RTLIL representation for module `\_90_mod'.
Generating RTLIL representation for module `\$__div_mod_floor'.
Generating RTLIL representation for module `\_90_divfloor'.
Generating RTLIL representation for module `\_90_modfloor'.
Generating RTLIL representation for module `\_90_pow'.
Generating RTLIL representation for module `\_90_pmux'.
Generating RTLIL representation for module `\_90_demux'.
Generating RTLIL representation for module `\_90_lut'.
Successfully finished Verilog frontend.

15.2. Executing Verilog-2005 frontend: /usr/bin/../share/yosys/cells.lib
Parsing Verilog input from `/usr/bin/../share/yosys/cells.lib' to AST representation.
/usr/bin/../share/yosys/cells.lib:1: ERROR: syntax error, unexpected TOK_ID
